1 2026-07-10 15:32:05 Connection to SQL server established.
2 2026-07-10 15:32:05 New table SensorData created.
3 2026-07-10 15:32:50 A sensor node with 1 has opened a new connection.
4 2026-07-10 15:32:50 The sensor node with 1 reports it's too hot (running avg temperature = 34.66).
5 2026-07-10 15:32:53 The sensor node with 1 reports it's too hot (running avg temperature = 28.00).
6 2026-07-10 15:32:56 The sensor node with 1 reports it's too hot (running avg temperature = 26.82).
7 2026-07-10 15:32:59 The sensor node with 1 reports it's too hot (running avg temperature = 25.16).
8 2026-07-10 15:33:26 The sensor node with 1 reports it's too hot (running avg temperature = 25.32).
9 2026-07-10 15:33:35 The sensor node with 1 reports it's too hot (running avg temperature = 25.44).
10 2026-07-10 15:33:59 The sensor node with 1 reports it's too hot (running avg temperature = 25.36).
11 2026-07-10 15:34:47 The sensor node with 1 reports it's too hot (running avg temperature = 25.10).
12 2026-07-10 15:35:10 A sensor node with 2 has opened a new connection.
13 2026-07-10 15:35:11 The sensor node with 1 reports it's too hot (running avg temperature = 26.68).
14 2026-07-10 15:35:14 The sensor node with 1 reports it's too hot (running avg temperature = 27.60).
15 2026-07-10 15:35:17 The sensor node with 1 reports it's too hot (running avg temperature = 29.29).
16 2026-07-10 15:35:20 The sensor node with 1 reports it's too hot (running avg temperature = 28.83).
17 2026-07-10 15:35:23 The sensor node with 1 reports it's too hot (running avg temperature = 31.69).
18 2026-07-10 15:35:26 The sensor node with 1 reports it's too hot (running avg temperature = 28.55).
19 2026-07-10 15:35:29 The sensor node with 1 reports it's too hot (running avg temperature = 27.92).
20 2026-07-10 15:36:08 The sensor node with 1 reports it's too hot (running avg temperature = 25.16).
21 2026-07-10 15:36:11 The sensor node with 1 reports it's too hot (running avg temperature = 25.37).
22 2026-07-10 15:36:32 The sensor node with 1 reports it's too cold (running avg temperature = 14.46).
23 2026-07-10 15:36:35 The sensor node with 1 reports it's too cold (running avg temperature = 14.16).
24 2026-07-10 15:36:38 The sensor node with 1 reports it's too cold (running avg temperature = 13.30).
1 2026-07-10 15:39:36 Connection to SQL server established.
2 2026-07-10 15:39:48 A sensor node with 2 has opened a new connection.
3 2026-07-10 15:39:48 The sensor node with 2 reports it's too cold (running avg temperature = 5.26).
4 2026-07-10 15:39:53 The sensor node with 2 reports it's too cold (running avg temperature = 11.73).
5 2026-07-10 15:39:58 The sensor node with 2 reports it's too cold (running avg temperature = 14.22).
